The system is: Linux - 5.3.0-40-generic - x86_64
Compiling the C compiler identification source file "CMakeCCompilerId.c" succeeded.
Compiler: /usr/local/arm/bin/arm-linux-gnueabihf-gcc 
Build flags: 
Id flags:  

The output was:
0


Compilation of the C compiler identification source "CMakeCCompilerId.c" produced "a.out"

The C compiler identification is GNU, found in "/home/kaihua/Desktop/linux/linux-applications-4th/files/src/FILE/cmake-build-debug/CMakeFiles/3.10.3/CompilerIdC/a.out"

Determining if the C compiler works passed with the following output:
Change Dir: /home/kaihua/Desktop/linux/linux-applications-4th/files/src/FILE/cmake-build-debug/CMakeFiles/CMakeTmp

Run Build Command:"/usr/bin/make" "cmTC_c7f86/fast"
/usr/bin/make -f CMakeFiles/cmTC_c7f86.dir/build.make CMakeFiles/cmTC_c7f86.dir/build
make[1]: Entering directory '/mnt/hgfs/F/linux/linux-applications-4th/files/src/FILE/cmake-build-debug/CMakeFiles/CMakeTmp'
Building C object CMakeFiles/cmTC_c7f86.dir/testCCompiler.c.o
/usr/local/arm/bin/arm-linux-gnueabihf-gcc    -o CMakeFiles/cmTC_c7f86.dir/testCCompiler.c.o   -c /home/kaihua/Desktop/linux/linux-applications-4th/files/src/FILE/cmake-build-debug/CMakeFiles/CMakeTmp/testCCompiler.c
Linking C executable cmTC_c7f86
/home/kaihua/Desktop/clion-2018.1.1/bin/cmake/bin/cmake -E cmake_link_script CMakeFiles/cmTC_c7f86.dir/link.txt --verbose=1
/usr/local/arm/bin/arm-linux-gnueabihf-gcc      CMakeFiles/cmTC_c7f86.dir/testCCompiler.c.o  -o cmTC_c7f86 
make[1]: Leaving directory '/mnt/hgfs/F/linux/linux-applications-4th/files/src/FILE/cmake-build-debug/CMakeFiles/CMakeTmp'


Detecting C compiler ABI info compiled with the following output:
Change Dir: /home/kaihua/Desktop/linux/linux-applications-4th/files/src/FILE/cmake-build-debug/CMakeFiles/CMakeTmp

Run Build Command:"/usr/bin/make" "cmTC_c133d/fast"
/usr/bin/make -f CMakeFiles/cmTC_c133d.dir/build.make CMakeFiles/cmTC_c133d.dir/build
make[1]: Entering directory '/mnt/hgfs/F/linux/linux-applications-4th/files/src/FILE/cmake-build-debug/CMakeFiles/CMakeTmp'
Building C object CMakeFiles/cmTC_c133d.dir/CMakeCCompilerABI.c.o
/usr/local/arm/bin/arm-linux-gnueabihf-gcc    -o CMakeFiles/cmTC_c133d.dir/CMakeCCompilerABI.c.o   -c /home/kaihua/Desktop/clion-2018.1.1/bin/cmake/share/cmake-3.10/Modules/CMakeCCompilerABI.c
Linking C executable cmTC_c133d
/home/kaihua/Desktop/clion-2018.1.1/bin/cmake/bin/cmake -E cmake_link_script CMakeFiles/cmTC_c133d.dir/link.txt --verbose=1
/usr/local/arm/bin/arm-linux-gnueabihf-gcc     -v CMakeFiles/cmTC_c133d.dir/CMakeCCompilerABI.c.o  -o cmTC_c133d 
Using built-in specs.
COLLECT_GCC=/usr/local/arm/bin/arm-linux-gnueabihf-gcc
COLLECT_LTO_WRAPPER=/usr/local/arm/bin/../libexec/gcc/arm-linux-gnueabihf/7.4.1/lto-wrapper
Target: arm-linux-gnueabihf
Configured with: '/home/tcwg-buildslave/workspace/tcwg-make-release_0/snapshots/gcc.git~linaro-7.4-2019.02/configure' SHELL=/bin/bash --with-mpc=/home/tcwg-buildslave/workspace/tcwg-make-release_0/_build/builds/destdir/x86_64-unknown-linux-gnu --with-mpfr=/home/tcwg-buildslave/workspace/tcwg-make-release_0/_build/builds/destdir/x86_64-unknown-linux-gnu --with-gmp=/home/tcwg-buildslave/workspace/tcwg-make-release_0/_build/builds/destdir/x86_64-unknown-linux-gnu --with-gnu-as --with-gnu-ld --disable-libmudflap --enable-lto --enable-shared --without-included-gettext --enable-nls --with-system-zlib --disable-sjlj-exceptions --enable-gnu-unique-object --enable-linker-build-id --disable-libstdcxx-pch --enable-c99 --enable-clocale=gnu --enable-libstdcxx-debug --enable-long-long --with-cloog=no --with-ppl=no --with-isl=no --disable-multilib --with-float=hard --with-fpu=vfpv3-d16 --with-mode=thumb --with-tune=cortex-a9 --with-arch=armv7-a --enable-threads=posix --enable-multiarch --enable-libstdcxx-time=yes --enable-gnu-indirect-function --with-build-sysroot=/home/tcwg-buildslave/workspace/tcwg-make-release_0/_build/sysroots/arm-linux-gnueabihf --with-sysroot=/home/tcwg-buildslave/workspace/tcwg-make-release_0/_build/builds/destdir/x86_64-unknown-linux-gnu/arm-linux-gnueabihf/libc --enable-checking=release --disable-bootstrap --enable-languages=c,c++,fortran,lto --build=x86_64-unknown-linux-gnu --host=x86_64-unknown-linux-gnu --target=arm-linux-gnueabihf --prefix=/home/tcwg-buildslave/workspace/tcwg-make-release_0/_build/builds/destdir/x86_64-unknown-linux-gnu
Thread model: posix
gcc version 7.4.1 20181213 [linaro-7.4-2019.02 revision 56ec6f6b99cc167ff0c2f8e1a2eed33b1edc85d4] (Linaro GCC 7.4-2019.02) 
COMPILER_PATH=/usr/local/arm/bin/../libexec/gcc/arm-linux-gnueabihf/7.4.1/:/usr/local/arm/bin/../libexec/gcc/arm-linux-gnueabihf/:/usr/local/arm/bin/../libexec/gcc/:/usr/local/arm/bin/../lib/gcc/arm-linux-gnueabihf/7.4.1/../../../../arm-linux-gnueabihf/bin/
LIBRARY_PATH=/usr/local/arm/bin/../lib/gcc/arm-linux-gnueabihf/7.4.1/:/usr/local/arm/bin/../lib/gcc/arm-linux-gnueabihf/:/usr/local/arm/bin/../lib/gcc/:/usr/local/arm/bin/../lib/gcc/arm-linux-gnueabihf/7.4.1/../../../../arm-linux-gnueabihf/lib/:/usr/local/arm/bin/../arm-linux-gnueabihf/libc/lib/:/usr/local/arm/bin/../arm-linux-gnueabihf/libc/usr/lib/
COLLECT_GCC_OPTIONS='-v' '-o' 'cmTC_c133d' '-march=armv7-a' '-mtune=cortex-a9' '-mfloat-abi=hard' '-mfpu=vfpv3-d16' '-mthumb' '-mtls-dialect=gnu'
 /usr/local/arm/bin/../libexec/gcc/arm-linux-gnueabihf/7.4.1/collect2 -plugin /usr/local/arm/bin/../libexec/gcc/arm-linux-gnueabihf/7.4.1/liblto_plugin.so -plugin-opt=/usr/local/arm/bin/../libexec/gcc/arm-linux-gnueabihf/7.4.1/lto-wrapper -plugin-opt=-fresolution=/tmp/cc8vq0eX.res -plugin-opt=-pass-through=-lgcc -plugin-opt=-pass-through=-lgcc_s -plugin-opt=-pass-through=-lc -plugin-opt=-pass-through=-lgcc -plugin-opt=-pass-through=-lgcc_s --sysroot=/usr/local/arm/bin/../arm-linux-gnueabihf/libc --build-id --eh-frame-hdr -dynamic-linker /lib/ld-linux-armhf.so.3 -X -m armelf_linux_eabi -o cmTC_c133d /usr/local/arm/bin/../arm-linux-gnueabihf/libc/usr/lib/crt1.o /usr/local/arm/bin/../arm-linux-gnueabihf/libc/usr/lib/crti.o /usr/local/arm/bin/../lib/gcc/arm-linux-gnueabihf/7.4.1/crtbegin.o -L/usr/local/arm/bin/../lib/gcc/arm-linux-gnueabihf/7.4.1 -L/usr/local/arm/bin/../lib/gcc/arm-linux-gnueabihf -L/usr/local/arm/bin/../lib/gcc -L/usr/local/arm/bin/../lib/gcc/arm-linux-gnueabihf/7.4.1/../../../../arm-linux-gnueabihf/lib -L/usr/local/arm/bin/../arm-linux-gnueabihf/libc/lib -L/usr/local/arm/bin/../arm-linux-gnueabihf/libc/usr/lib CMakeFiles/cmTC_c133d.dir/CMakeCCompilerABI.c.o -lgcc --as-needed -lgcc_s --no-as-needed -lc -lgcc --as-needed -lgcc_s --no-as-needed /usr/local/arm/bin/../lib/gcc/arm-linux-gnueabihf/7.4.1/crtend.o /usr/local/arm/bin/../arm-linux-gnueabihf/libc/usr/lib/crtn.o
COLLECT_GCC_OPTIONS='-v' '-o' 'cmTC_c133d' '-march=armv7-a' '-mtune=cortex-a9' '-mfloat-abi=hard' '-mfpu=vfpv3-d16' '-mthumb' '-mtls-dialect=gnu'
make[1]: Leaving directory '/mnt/hgfs/F/linux/linux-applications-4th/files/src/FILE/cmake-build-debug/CMakeFiles/CMakeTmp'


Parsed C implicit link information from above output:
  link line regex: [^( *|.*[/\])(ld|CMAKE_LINK_STARTFILE-NOTFOUND|([^/\]+-)?ld|collect2)[^/\]*( |$)]
  ignore line: [Change Dir: /home/kaihua/Desktop/linux/linux-applications-4th/files/src/FILE/cmake-build-debug/CMakeFiles/CMakeTmp]
  ignore line: []
  ignore line: [Run Build Command:"/usr/bin/make" "cmTC_c133d/fast"]
  ignore line: [/usr/bin/make -f CMakeFiles/cmTC_c133d.dir/build.make CMakeFiles/cmTC_c133d.dir/build]
  ignore line: [make[1]: Entering directory '/mnt/hgfs/F/linux/linux-applications-4th/files/src/FILE/cmake-build-debug/CMakeFiles/CMakeTmp']
  ignore line: [Building C object CMakeFiles/cmTC_c133d.dir/CMakeCCompilerABI.c.o]
  ignore line: [/usr/local/arm/bin/arm-linux-gnueabihf-gcc    -o CMakeFiles/cmTC_c133d.dir/CMakeCCompilerABI.c.o   -c /home/kaihua/Desktop/clion-2018.1.1/bin/cmake/share/cmake-3.10/Modules/CMakeCCompilerABI.c]
  ignore line: [Linking C executable cmTC_c133d]
  ignore line: [/home/kaihua/Desktop/clion-2018.1.1/bin/cmake/bin/cmake -E cmake_link_script CMakeFiles/cmTC_c133d.dir/link.txt --verbose=1]
  ignore line: [/usr/local/arm/bin/arm-linux-gnueabihf-gcc     -v CMakeFiles/cmTC_c133d.dir/CMakeCCompilerABI.c.o  -o cmTC_c133d ]
  ignore line: [Using built-in specs.]
  ignore line: [COLLECT_GCC=/usr/local/arm/bin/arm-linux-gnueabihf-gcc]
  ignore line: [COLLECT_LTO_WRAPPER=/usr/local/arm/bin/../libexec/gcc/arm-linux-gnueabihf/7.4.1/lto-wrapper]
  ignore line: [Target: arm-linux-gnueabihf]
  ignore line: [Configured with: '/home/tcwg-buildslave/workspace/tcwg-make-release_0/snapshots/gcc.git~linaro-7.4-2019.02/configure' SHELL=/bin/bash --with-mpc=/home/tcwg-buildslave/workspace/tcwg-make-release_0/_build/builds/destdir/x86_64-unknown-linux-gnu --with-mpfr=/home/tcwg-buildslave/workspace/tcwg-make-release_0/_build/builds/destdir/x86_64-unknown-linux-gnu --with-gmp=/home/tcwg-buildslave/workspace/tcwg-make-release_0/_build/builds/destdir/x86_64-unknown-linux-gnu --with-gnu-as --with-gnu-ld --disable-libmudflap --enable-lto --enable-shared --without-included-gettext --enable-nls --with-system-zlib --disable-sjlj-exceptions --enable-gnu-unique-object --enable-linker-build-id --disable-libstdcxx-pch --enable-c99 --enable-clocale=gnu --enable-libstdcxx-debug --enable-long-long --with-cloog=no --with-ppl=no --with-isl=no --disable-multilib --with-float=hard --with-fpu=vfpv3-d16 --with-mode=thumb --with-tune=cortex-a9 --with-arch=armv7-a --enable-threads=posix --enable-multiarch --enable-libstdcxx-time=yes --enable-gnu-indirect-function --with-build-sysroot=/home/tcwg-buildslave/workspace/tcwg-make-release_0/_build/sysroots/arm-linux-gnueabihf --with-sysroot=/home/tcwg-buildslave/workspace/tcwg-make-release_0/_build/builds/destdir/x86_64-unknown-linux-gnu/arm-linux-gnueabihf/libc --enable-checking=release --disable-bootstrap --enable-languages=c,c++,fortran,lto --build=x86_64-unknown-linux-gnu --host=x86_64-unknown-linux-gnu --target=arm-linux-gnueabihf --prefix=/home/tcwg-buildslave/workspace/tcwg-make-release_0/_build/builds/destdir/x86_64-unknown-linux-gnu]
  ignore line: [Thread model: posix]
  ignore line: [gcc version 7.4.1 20181213 [linaro-7.4-2019.02 revision 56ec6f6b99cc167ff0c2f8e1a2eed33b1edc85d4] (Linaro GCC 7.4-2019.02) ]
  ignore line: [COMPILER_PATH=/usr/local/arm/bin/../libexec/gcc/arm-linux-gnueabihf/7.4.1/:/usr/local/arm/bin/../libexec/gcc/arm-linux-gnueabihf/:/usr/local/arm/bin/../libexec/gcc/:/usr/local/arm/bin/../lib/gcc/arm-linux-gnueabihf/7.4.1/../../../../arm-linux-gnueabihf/bin/]
  ignore line: [LIBRARY_PATH=/usr/local/arm/bin/../lib/gcc/arm-linux-gnueabihf/7.4.1/:/usr/local/arm/bin/../lib/gcc/arm-linux-gnueabihf/:/usr/local/arm/bin/../lib/gcc/:/usr/local/arm/bin/../lib/gcc/arm-linux-gnueabihf/7.4.1/../../../../arm-linux-gnueabihf/lib/:/usr/local/arm/bin/../arm-linux-gnueabihf/libc/lib/:/usr/local/arm/bin/../arm-linux-gnueabihf/libc/usr/lib/]
  ignore line: [COLLECT_GCC_OPTIONS='-v' '-o' 'cmTC_c133d' '-march=armv7-a' '-mtune=cortex-a9' '-mfloat-abi=hard' '-mfpu=vfpv3-d16' '-mthumb' '-mtls-dialect=gnu']
  link line: [ /usr/local/arm/bin/../libexec/gcc/arm-linux-gnueabihf/7.4.1/collect2 -plugin /usr/local/arm/bin/../libexec/gcc/arm-linux-gnueabihf/7.4.1/liblto_plugin.so -plugin-opt=/usr/local/arm/bin/../libexec/gcc/arm-linux-gnueabihf/7.4.1/lto-wrapper -plugin-opt=-fresolution=/tmp/cc8vq0eX.res -plugin-opt=-pass-through=-lgcc -plugin-opt=-pass-through=-lgcc_s -plugin-opt=-pass-through=-lc -plugin-opt=-pass-through=-lgcc -plugin-opt=-pass-through=-lgcc_s --sysroot=/usr/local/arm/bin/../arm-linux-gnueabihf/libc --build-id --eh-frame-hdr -dynamic-linker /lib/ld-linux-armhf.so.3 -X -m armelf_linux_eabi -o cmTC_c133d /usr/local/arm/bin/../arm-linux-gnueabihf/libc/usr/lib/crt1.o /usr/local/arm/bin/../arm-linux-gnueabihf/libc/usr/lib/crti.o /usr/local/arm/bin/../lib/gcc/arm-linux-gnueabihf/7.4.1/crtbegin.o -L/usr/local/arm/bin/../lib/gcc/arm-linux-gnueabihf/7.4.1 -L/usr/local/arm/bin/../lib/gcc/arm-linux-gnueabihf -L/usr/local/arm/bin/../lib/gcc -L/usr/local/arm/bin/../lib/gcc/arm-linux-gnueabihf/7.4.1/../../../../arm-linux-gnueabihf/lib -L/usr/local/arm/bin/../arm-linux-gnueabihf/libc/lib -L/usr/local/arm/bin/../arm-linux-gnueabihf/libc/usr/lib CMakeFiles/cmTC_c133d.dir/CMakeCCompilerABI.c.o -lgcc --as-needed -lgcc_s --no-as-needed -lc -lgcc --as-needed -lgcc_s --no-as-needed /usr/local/arm/bin/../lib/gcc/arm-linux-gnueabihf/7.4.1/crtend.o /usr/local/arm/bin/../arm-linux-gnueabihf/libc/usr/lib/crtn.o]
    arg [/usr/local/arm/bin/../libexec/gcc/arm-linux-gnueabihf/7.4.1/collect2] ==> ignore
    arg [-plugin] ==> ignore
    arg [/usr/local/arm/bin/../libexec/gcc/arm-linux-gnueabihf/7.4.1/liblto_plugin.so] ==> ignore
    arg [-plugin-opt=/usr/local/arm/bin/../libexec/gcc/arm-linux-gnueabihf/7.4.1/lto-wrapper] ==> ignore
    arg [-plugin-opt=-fresolution=/tmp/cc8vq0eX.res] ==> ignore
    arg [-plugin-opt=-pass-through=-lgcc] ==> ignore
    arg [-plugin-opt=-pass-through=-lgcc_s] ==> ignore
    arg [-plugin-opt=-pass-through=-lc] ==> ignore
    arg [-plugin-opt=-pass-through=-lgcc] ==> ignore
    arg [-plugin-opt=-pass-through=-lgcc_s] ==> ignore
    arg [--sysroot=/usr/local/arm/bin/../arm-linux-gnueabihf/libc] ==> ignore
    arg [--build-id] ==> ignore
    arg [--eh-frame-hdr] ==> ignore
    arg [-dynamic-linker] ==> ignore
    arg [/lib/ld-linux-armhf.so.3] ==> ignore
    arg [-X] ==> ignore
    arg [-m] ==> ignore
    arg [armelf_linux_eabi] ==> ignore
    arg [-o] ==> ignore
    arg [cmTC_c133d] ==> ignore
    arg [/usr/local/arm/bin/../arm-linux-gnueabihf/libc/usr/lib/crt1.o] ==> ignore
    arg [/usr/local/arm/bin/../arm-linux-gnueabihf/libc/usr/lib/crti.o] ==> ignore
    arg [/usr/local/arm/bin/../lib/gcc/arm-linux-gnueabihf/7.4.1/crtbegin.o] ==> ignore
    arg [-L/usr/local/arm/bin/../lib/gcc/arm-linux-gnueabihf/7.4.1] ==> dir [/usr/local/arm/bin/../lib/gcc/arm-linux-gnueabihf/7.4.1]
    arg [-L/usr/local/arm/bin/../lib/gcc/arm-linux-gnueabihf] ==> dir [/usr/local/arm/bin/../lib/gcc/arm-linux-gnueabihf]
    arg [-L/usr/local/arm/bin/../lib/gcc] ==> dir [/usr/local/arm/bin/../lib/gcc]
    arg [-L/usr/local/arm/bin/../lib/gcc/arm-linux-gnueabihf/7.4.1/../../../../arm-linux-gnueabihf/lib] ==> dir [/usr/local/arm/bin/../lib/gcc/arm-linux-gnueabihf/7.4.1/../../../../arm-linux-gnueabihf/lib]
    arg [-L/usr/local/arm/bin/../arm-linux-gnueabihf/libc/lib] ==> dir [/usr/local/arm/bin/../arm-linux-gnueabihf/libc/lib]
    arg [-L/usr/local/arm/bin/../arm-linux-gnueabihf/libc/usr/lib] ==> dir [/usr/local/arm/bin/../arm-linux-gnueabihf/libc/usr/lib]
    arg [CMakeFiles/cmTC_c133d.dir/CMakeCCompilerABI.c.o] ==> ignore
    arg [-lgcc] ==> lib [gcc]
    arg [--as-needed] ==> ignore
    arg [-lgcc_s] ==> lib [gcc_s]
    arg [--no-as-needed] ==> ignore
    arg [-lc] ==> lib [c]
    arg [-lgcc] ==> lib [gcc]
    arg [--as-needed] ==> ignore
    arg [-lgcc_s] ==> lib [gcc_s]
    arg [--no-as-needed] ==> ignore
    arg [/usr/local/arm/bin/../lib/gcc/arm-linux-gnueabihf/7.4.1/crtend.o] ==> ignore
    arg [/usr/local/arm/bin/../arm-linux-gnueabihf/libc/usr/lib/crtn.o] ==> ignore
  collapse library dir [/usr/local/arm/bin/../lib/gcc/arm-linux-gnueabihf/7.4.1] ==> [/usr/local/arm/lib/gcc/arm-linux-gnueabihf/7.4.1]
  collapse library dir [/usr/local/arm/bin/../lib/gcc/arm-linux-gnueabihf] ==> [/usr/local/arm/lib/gcc/arm-linux-gnueabihf]
  collapse library dir [/usr/local/arm/bin/../lib/gcc] ==> [/usr/local/arm/lib/gcc]
  collapse library dir [/usr/local/arm/bin/../lib/gcc/arm-linux-gnueabihf/7.4.1/../../../../arm-linux-gnueabihf/lib] ==> [/usr/local/arm/arm-linux-gnueabihf/lib]
  collapse library dir [/usr/local/arm/bin/../arm-linux-gnueabihf/libc/lib] ==> [/usr/local/arm/arm-linux-gnueabihf/libc/lib]
  collapse library dir [/usr/local/arm/bin/../arm-linux-gnueabihf/libc/usr/lib] ==> [/usr/local/arm/arm-linux-gnueabihf/libc/usr/lib]
  implicit libs: [gcc;gcc_s;c;gcc;gcc_s]
  implicit dirs: [/usr/local/arm/lib/gcc/arm-linux-gnueabihf/7.4.1;/usr/local/arm/lib/gcc/arm-linux-gnueabihf;/usr/local/arm/lib/gcc;/usr/local/arm/arm-linux-gnueabihf/lib;/usr/local/arm/arm-linux-gnueabihf/libc/lib;/usr/local/arm/arm-linux-gnueabihf/libc/usr/lib]
  implicit fwks: []




Detecting C [-std=c11] compiler features compiled with the following output:
Change Dir: /home/kaihua/Desktop/linux/linux-applications-4th/files/src/FILE/cmake-build-debug/CMakeFiles/CMakeTmp

Run Build Command:"/usr/bin/make" "cmTC_710b4/fast"
/usr/bin/make -f CMakeFiles/cmTC_710b4.dir/build.make CMakeFiles/cmTC_710b4.dir/build
make[1]: Entering directory '/mnt/hgfs/F/linux/linux-applications-4th/files/src/FILE/cmake-build-debug/CMakeFiles/CMakeTmp'
Building C object CMakeFiles/cmTC_710b4.dir/feature_tests.c.o
/usr/local/arm/bin/arm-linux-gnueabihf-gcc   -std=c11 -o CMakeFiles/cmTC_710b4.dir/feature_tests.c.o   -c /home/kaihua/Desktop/linux/linux-applications-4th/files/src/FILE/cmake-build-debug/CMakeFiles/feature_tests.c
Linking C executable cmTC_710b4
/home/kaihua/Desktop/clion-2018.1.1/bin/cmake/bin/cmake -E cmake_link_script CMakeFiles/cmTC_710b4.dir/link.txt --verbose=1
/usr/local/arm/bin/arm-linux-gnueabihf-gcc      CMakeFiles/cmTC_710b4.dir/feature_tests.c.o  -o cmTC_710b4 
make[1]: Leaving directory '/mnt/hgfs/F/linux/linux-applications-4th/files/src/FILE/cmake-build-debug/CMakeFiles/CMakeTmp'


    Feature record: C_FEATURE:1c_function_prototypes
    Feature record: C_FEATURE:1c_restrict
    Feature record: C_FEATURE:1c_static_assert
    Feature record: C_FEATURE:1c_variadic_macros


Detecting C [-std=c99] compiler features compiled with the following output:
Change Dir: /home/kaihua/Desktop/linux/linux-applications-4th/files/src/FILE/cmake-build-debug/CMakeFiles/CMakeTmp

Run Build Command:"/usr/bin/make" "cmTC_4a965/fast"
/usr/bin/make -f CMakeFiles/cmTC_4a965.dir/build.make CMakeFiles/cmTC_4a965.dir/build
make[1]: Entering directory '/mnt/hgfs/F/linux/linux-applications-4th/files/src/FILE/cmake-build-debug/CMakeFiles/CMakeTmp'
Building C object CMakeFiles/cmTC_4a965.dir/feature_tests.c.o
/usr/local/arm/bin/arm-linux-gnueabihf-gcc   -std=c99 -o CMakeFiles/cmTC_4a965.dir/feature_tests.c.o   -c /home/kaihua/Desktop/linux/linux-applications-4th/files/src/FILE/cmake-build-debug/CMakeFiles/feature_tests.c
Linking C executable cmTC_4a965
/home/kaihua/Desktop/clion-2018.1.1/bin/cmake/bin/cmake -E cmake_link_script CMakeFiles/cmTC_4a965.dir/link.txt --verbose=1
/usr/local/arm/bin/arm-linux-gnueabihf-gcc      CMakeFiles/cmTC_4a965.dir/feature_tests.c.o  -o cmTC_4a965 
make[1]: Leaving directory '/mnt/hgfs/F/linux/linux-applications-4th/files/src/FILE/cmake-build-debug/CMakeFiles/CMakeTmp'


    Feature record: C_FEATURE:1c_function_prototypes
    Feature record: C_FEATURE:1c_restrict
    Feature record: C_FEATURE:0c_static_assert
    Feature record: C_FEATURE:1c_variadic_macros


Detecting C [-std=c90] compiler features compiled with the following output:
Change Dir: /home/kaihua/Desktop/linux/linux-applications-4th/files/src/FILE/cmake-build-debug/CMakeFiles/CMakeTmp

Run Build Command:"/usr/bin/make" "cmTC_6408b/fast"
/usr/bin/make -f CMakeFiles/cmTC_6408b.dir/build.make CMakeFiles/cmTC_6408b.dir/build
make[1]: Entering directory '/mnt/hgfs/F/linux/linux-applications-4th/files/src/FILE/cmake-build-debug/CMakeFiles/CMakeTmp'
Building C object CMakeFiles/cmTC_6408b.dir/feature_tests.c.o
/usr/local/arm/bin/arm-linux-gnueabihf-gcc   -std=c90 -o CMakeFiles/cmTC_6408b.dir/feature_tests.c.o   -c /home/kaihua/Desktop/linux/linux-applications-4th/files/src/FILE/cmake-build-debug/CMakeFiles/feature_tests.c
Linking C executable cmTC_6408b
/home/kaihua/Desktop/clion-2018.1.1/bin/cmake/bin/cmake -E cmake_link_script CMakeFiles/cmTC_6408b.dir/link.txt --verbose=1
/usr/local/arm/bin/arm-linux-gnueabihf-gcc      CMakeFiles/cmTC_6408b.dir/feature_tests.c.o  -o cmTC_6408b 
make[1]: Leaving directory '/mnt/hgfs/F/linux/linux-applications-4th/files/src/FILE/cmake-build-debug/CMakeFiles/CMakeTmp'


    Feature record: C_FEATURE:1c_function_prototypes
    Feature record: C_FEATURE:0c_restrict
    Feature record: C_FEATURE:0c_static_assert
    Feature record: C_FEATURE:0c_variadic_macros
